# JRE version: OpenJDK Runtime Environment (14.0.1+7) (build 14.0.1+7)
# Java VM: OpenJDK 64-Bit Server VM (14.0.1+7, mixed mode, tiered, compressed oops, g1 gc, linux-amd64)
Heap:
 garbage-first heap   total 269312K, used 199534K [0x00000000c0000000, 0x0000000100000000)
  region size 1024K, 73 young (74752K), 5 survivors (5120K)
 Metaspace       used 78199K, capacity 81670K, committed 81872K, reserved 1120256K
  class space    used 10716K, capacity 12125K, committed 12160K, reserved 1048576K
GC Heap History (20 events):
Event: 21.848 GC heap after
{Heap after GC invocations=29 (full 0):
 garbage-first heap   total 114688K, used 70310K [0x00000000c0000000, 0x0000000100000000)
  region size 1024K, 3 young (3072K), 3 survivors (3072K)
 Metaspace       used 73584K, capacity 76733K, committed 77008K, reserved 1114112K
  class space    used 10309K, capacity 11599K, committed 11648K, reserved 1048576K
}
Event: 22.072 GC heap before
{Heap before GC invocations=29 (full 0):
 garbage-first heap   total 114688K, used 86694K [0x00000000c0000000, 0x0000000100000000)
  region size 1024K, 19 young (19456K), 3 survivors (3072K)
 Metaspace       used 73632K, capacity 76811K, committed 77008K, reserved 1114112K
  class space    used 10317K, capacity 11604K, committed 11648K, reserved 1048576K
}
Event: 22.107 GC heap after
{Heap after GC invocations=30 (full 0):
 garbage-first heap   total 138240K, used 73202K [0x00000000c0000000, 0x0000000100000000)
  region size 1024K, 3 young (3072K), 3 survivors (3072K)
 Metaspace       used 73632K, capacity 76811K, committed 77008K, reserved 1114112K
  class space    used 10317K, capacity 11604K, committed 11648K, reserved 1048576K
}
Event: 22.706 GC heap before
{Heap before GC invocations=30 (full 0):
 garbage-first heap   total 160768K, used 101874K [0x00000000c0000000, 0x0000000100000000)
  region size 1024K, 31 young (31744K), 3 survivors (3072K)
 Metaspace       used 73679K, capacity 76853K, committed 77008K, reserved 1114112K
  class space    used 10327K, capacity 11639K, committed 11648K, reserved 1048576K
}
Event: 22.734 GC heap after
{Heap after GC invocations=31 (full 0):
 garbage-first heap   total 160768K, used 76089K [0x00000000c0000000, 0x0000000100000000)
  region size 1024K, 4 young (4096K), 4 survivors (4096K)
 Metaspace       used 73679K, capacity 76853K, committed 77008K, reserved 1114112K
  class space    used 10327K, capacity 11639K, committed 11648K, reserved 1048576K
}
Event: 23.512 GC heap before
{Heap before GC invocations=32 (full 0):
 garbage-first heap   total 160768K, used 116025K [0x00000000c0000000, 0x0000000100000000)
  region size 1024K, 43 young (44032K), 4 survivors (4096K)
 Metaspace       used 73910K, capacity 77175K, committed 77392K, reserved 1116160K
  class space    used 10349K, capacity 11653K, committed 11776K, reserved 1048576K
}
Event: 23.550 GC heap after
{Heap after GC invocations=33 (full 0):
 garbage-first heap   total 160768K, used 79268K [0x00000000c0000000, 0x0000000100000000)
  region size 1024K, 6 young (6144K), 6 survivors (6144K)
 Metaspace       used 73910K, capacity 77175K, committed 77392K, reserved 1116160K
  class space    used 10349K, capacity 11653K, committed 11776K, reserved 1048576K
}
Event: 24.069 GC heap before
{Heap before GC invocations=33 (full 0):
 garbage-first heap   total 160768K, used 108964K [0x00000000c0000000, 0x0000000100000000)
  region size 1024K, 36 young (36864K), 6 survivors (6144K)
 Metaspace       used 74583K, capacity 77838K, committed 77904K, reserved 1116160K
  class space    used 10420K, capacity 11751K, committed 11776K, reserved 1048576K
}
Event: 24.104 GC heap after
{Heap after GC invocations=34 (full 0):
 garbage-first heap   total 160768K, used 82345K [0x00000000c0000000, 0x0000000100000000)
  region size 1024K, 6 young (6144K), 6 survivors (6144K)
 Metaspace       used 74583K, capacity 77838K, committed 77904K, reserved 1116160K
  class space    used 10420K, capacity 11751K, committed 11776K, reserved 1048576K
}
Event: 25.388 GC heap before
{Heap before GC invocations=35 (full 0):
 garbage-first heap   total 173056K, used 140713K [0x00000000c0000000, 0x0000000100000000)
  region size 1024K, 46 young (47104K), 6 survivors (6144K)
 Metaspace       used 75565K, capacity 78889K, committed 79056K, reserved 1116160K
  class space    used 10519K, capacity 11883K, committed 11904K, reserved 1048576K
}
Event: 25.438 GC heap after
{Heap after GC invocations=36 (full 0):
 garbage-first heap   total 207872K, used 105802K [0x00000000c0000000, 0x0000000100000000)
  region size 1024K, 6 young (6144K), 6 survivors (6144K)
 Metaspace       used 75565K, capacity 78889K, committed 79056K, reserved 1116160K
  class space    used 10519K, capacity 11883K, committed 11904K, reserved 1048576K
}
Event: 25.746 GC heap before
{Heap before GC invocations=36 (full 0):
 garbage-first heap   total 207872K, used 128330K [0x00000000c0000000, 0x0000000100000000)
  region size 1024K, 29 young (29696K), 6 survivors (6144K)
 Metaspace       used 75608K, capacity 78897K, committed 79056K, reserved 1116160K
  class space    used 10522K, capacity 11887K, committed 11904K, reserved 1048576K
}
Event: 25.778 GC heap after
{Heap after GC invocations=37 (full 0):
 garbage-first heap   total 207872K, used 110693K [0x00000000c0000000, 0x0000000100000000)
  region size 1024K, 5 young (5120K), 5 survivors (5120K)
 Metaspace       used 75608K, capacity 78897K, committed 79056K, reserved 1116160K
  class space    used 10522K, capacity 11887K, committed 11904K, reserved 1048576K
}
Event: 26.831 GC heap before
{Heap before GC invocations=38 (full 0):
 garbage-first heap   total 235520K, used 149605K [0x00000000c0000000, 0x0000000100000000)
  region size 1024K, 32 young (32768K), 5 survivors (5120K)
 Metaspace       used 76266K, capacity 79655K, committed 79952K, reserved 1118208K
  class space    used 10595K, capacity 11994K, committed 12032K, reserved 1048576K
}
Event: 26.876 GC heap after
{Heap after GC invocations=39 (full 0):
 garbage-first heap   total 235520K, used 125219K [0x00000000c0000000, 0x0000000100000000)
  region size 1024K, 3 young (3072K), 3 survivors (3072K)
 Metaspace       used 76266K, capacity 79655K, committed 79952K, reserved 1118208K
  class space    used 10595K, capacity 11994K, committed 12032K, reserved 1048576K
}
Event: 28.091 GC heap before
{Heap before GC invocations=40 (full 0):
 garbage-first heap   total 235520K, used 181539K [0x00000000c0000000, 0x0000000100000000)
  region size 1024K, 60 young (61440K), 3 survivors (3072K)
 Metaspace       used 76565K, capacity 79968K, committed 80208K, reserved 1118208K
  class space    used 10608K, capacity 12010K, committed 12032K, reserved 1048576K
}
Event: 28.139 GC heap after
{Heap after GC invocations=41 (full 0):
 garbage-first heap   total 235520K, used 131616K [0x00000000c0000000, 0x0000000100000000)
  region size 1024K, 8 young (8192K), 8 survivors (8192K)
 Metaspace       used 76565K, capacity 79968K, committed 80208K, reserved 1118208K
  class space    used 10608K, capacity 12010K, committed 12032K, reserved 1048576K
}
Event: 34.763 GC heap before
{Heap before GC invocations=41 (full 0):
 garbage-first heap   total 235520K, used 179744K [0x00000000c0000000, 0x0000000100000000)
  region size 1024K, 56 young (57344K), 8 survivors (8192K)
 Metaspace       used 77481K, capacity 80905K, committed 81104K, reserved 1118208K
  class space    used 10695K, capacity 12108K, committed 12160K, reserved 1048576K
}
Event: 34.807 GC heap after
{Heap after GC invocations=42 (full 0):
 garbage-first heap   total 269312K, used 133998K [0x00000000c0000000, 0x0000000100000000)
  region size 1024K, 4 young (4096K), 4 survivors (4096K)
 Metaspace       used 77481K, capacity 80905K, committed 81104K, reserved 1118208K
  class space    used 10695K, capacity 12108K, committed 12160K, reserved 1048576K
}
Event: 62.386 GC heap before
{Heap before GC invocations=43 (full 0):
 garbage-first heap   total 269312K, used 199534K [0x00000000c0000000, 0x0000000100000000)
  region size 1024K, 72 young (73728K), 4 survivors (4096K)
 Metaspace       used 78199K, capacity 81670K, committed 81872K, reserved 1120256K
  class space    used 10716K, capacity 12125K, committed 12160K, reserved 1048576K
}

