# JRE version: OpenJDK Runtime Environment (14.0.1+7) (build 14.0.1+7)
# Java VM: OpenJDK 64-Bit Server VM (14.0.1+7, mixed mode, tiered, compressed oops, g1 gc, linux-amd64)
Heap:
 garbage-first heap   total 517120K, used 409077K [0x00000000c0000000, 0x0000000100000000)
  region size 1024K, 179 young (183296K), 9 survivors (9216K)
 Metaspace       used 95919K, capacity 99764K, committed 100044K, reserved 1134592K
  class space    used 12593K, capacity 14177K, committed 14284K, reserved 1048576K
GC Heap History (20 events):
Event: 1193.407 GC heap after
{Heap after GC invocations=65 (full 0):
 garbage-first heap   total 473088K, used 234234K [0x00000000c0000000, 0x0000000100000000)
  region size 1024K, 14 young (14336K), 14 survivors (14336K)
 Metaspace       used 95421K, capacity 99296K, committed 99788K, reserved 1134592K
  class space    used 12574K, capacity 14182K, committed 14284K, reserved 1048576K
}
Event: 1264.526 GC heap before
{Heap before GC invocations=65 (full 0):
 garbage-first heap   total 473088K, used 408314K [0x00000000c0000000, 0x0000000100000000)
  region size 1024K, 185 young (189440K), 14 survivors (14336K)
 Metaspace       used 95466K, capacity 99378K, committed 99788K, reserved 1134592K
  class space    used 12577K, capacity 14186K, committed 14284K, reserved 1048576K
}
Event: 1264.563 GC heap after
{Heap after GC invocations=66 (full 0):
 garbage-first heap   total 473088K, used 233638K [0x00000000c0000000, 0x0000000100000000)
  region size 1024K, 8 young (8192K), 8 survivors (8192K)
 Metaspace       used 95466K, capacity 99378K, committed 99788K, reserved 1134592K
  class space    used 12577K, capacity 14186K, committed 14284K, reserved 1048576K
}
Event: 1324.920 GC heap before
{Heap before GC invocations=67 (full 0):
 garbage-first heap   total 473088K, used 410790K [0x00000000c0000000, 0x0000000100000000)
  region size 1024K, 182 young (186368K), 8 survivors (8192K)
 Metaspace       used 95667K, capacity 99488K, committed 99788K, reserved 1134592K
  class space    used 12591K, capacity 14177K, committed 14284K, reserved 1048576K
}
Event: 1324.947 GC heap after
{Heap after GC invocations=68 (full 0):
 garbage-first heap   total 473088K, used 233879K [0x00000000c0000000, 0x0000000100000000)
  region size 1024K, 9 young (9216K), 9 survivors (9216K)
 Metaspace       used 95667K, capacity 99488K, committed 99788K, reserved 1134592K
  class space    used 12591K, capacity 14177K, committed 14284K, reserved 1048576K
}
Event: 1382.601 GC heap before
{Heap before GC invocations=68 (full 0):
 garbage-first heap   total 473088K, used 412055K [0x00000000c0000000, 0x0000000100000000)
  region size 1024K, 184 young (188416K), 9 survivors (9216K)
 Metaspace       used 95671K, capacity 99488K, committed 99788K, reserved 1134592K
  class space    used 12591K, capacity 14177K, committed 14284K, reserved 1048576K
}
Event: 1382.639 GC heap after
{Heap after GC invocations=69 (full 0):
 garbage-first heap   total 473088K, used 234238K [0x00000000c0000000, 0x0000000100000000)
  region size 1024K, 9 young (9216K), 9 survivors (9216K)
 Metaspace       used 95671K, capacity 99488K, committed 99788K, reserved 1134592K
  class space    used 12591K, capacity 14177K, committed 14284K, reserved 1048576K
}
Event: 1443.679 GC heap before
{Heap before GC invocations=70 (full 0):
 garbage-first heap   total 473088K, used 413438K [0x00000000c0000000, 0x0000000100000000)
  region size 1024K, 185 young (189440K), 9 survivors (9216K)
 Metaspace       used 95685K, capacity 99553K, committed 100044K, reserved 1134592K
  class space    used 12591K, capacity 14177K, committed 14284K, reserved 1048576K
}
Event: 1443.726 GC heap after
{Heap after GC invocations=71 (full 0):
 garbage-first heap   total 473088K, used 234224K [0x00000000c0000000, 0x0000000100000000)
  region size 1024K, 9 young (9216K), 9 survivors (9216K)
 Metaspace       used 95685K, capacity 99553K, committed 100044K, reserved 1134592K
  class space    used 12591K, capacity 14177K, committed 14284K, reserved 1048576K
}
Event: 1505.334 GC heap before
{Heap before GC invocations=71 (full 0):
 garbage-first heap   total 473088K, used 414448K [0x00000000c0000000, 0x0000000100000000)
  region size 1024K, 185 young (189440K), 9 survivors (9216K)
 Metaspace       used 95704K, capacity 99554K, committed 100044K, reserved 1134592K
  class space    used 12591K, capacity 14177K, committed 14284K, reserved 1048576K
}
Event: 1505.371 GC heap after
{Heap after GC invocations=72 (full 0):
 garbage-first heap   total 473088K, used 234425K [0x00000000c0000000, 0x0000000100000000)
  region size 1024K, 9 young (9216K), 9 survivors (9216K)
 Metaspace       used 95704K, capacity 99554K, committed 100044K, reserved 1134592K
  class space    used 12591K, capacity 14177K, committed 14284K, reserved 1048576K
}
Event: 1556.527 GC heap before
{Heap before GC invocations=73 (full 0):
 garbage-first heap   total 473088K, used 413625K [0x00000000c0000000, 0x0000000100000000)
  region size 1024K, 185 young (189440K), 9 survivors (9216K)
 Metaspace       used 95750K, capacity 99620K, committed 100044K, reserved 1134592K
  class space    used 12592K, capacity 14177K, committed 14284K, reserved 1048576K
}
Event: 1556.564 GC heap after
{Heap after GC invocations=74 (full 0):
 garbage-first heap   total 473088K, used 234266K [0x00000000c0000000, 0x0000000100000000)
  region size 1024K, 9 young (9216K), 9 survivors (9216K)
 Metaspace       used 95750K, capacity 99620K, committed 100044K, reserved 1134592K
  class space    used 12592K, capacity 14177K, committed 14284K, reserved 1048576K
}
Event: 1623.879 GC heap before
{Heap before GC invocations=74 (full 0):
 garbage-first heap   total 473088K, used 413466K [0x00000000c0000000, 0x0000000100000000)
  region size 1024K, 185 young (189440K), 9 survivors (9216K)
 Metaspace       used 95827K, capacity 99685K, committed 100044K, reserved 1134592K
  class space    used 12592K, capacity 14177K, committed 14284K, reserved 1048576K
}
Event: 1623.908 GC heap after
{Heap after GC invocations=75 (full 0):
 garbage-first heap   total 473088K, used 234662K [0x00000000c0000000, 0x0000000100000000)
  region size 1024K, 9 young (9216K), 9 survivors (9216K)
 Metaspace       used 95827K, capacity 99685K, committed 100044K, reserved 1134592K
  class space    used 12592K, capacity 14177K, committed 14284K, reserved 1048576K
}
Event: 1694.122 GC heap before
{Heap before GC invocations=76 (full 0):
 garbage-first heap   total 473088K, used 414886K [0x00000000c0000000, 0x0000000100000000)
  region size 1024K, 185 young (189440K), 9 survivors (9216K)
 Metaspace       used 95834K, capacity 99676K, committed 100044K, reserved 1134592K
  class space    used 12590K, capacity 14173K, committed 14284K, reserved 1048576K
}
Event: 1694.175 GC heap after
{Heap after GC invocations=77 (full 0):
 garbage-first heap   total 473088K, used 234631K [0x00000000c0000000, 0x0000000100000000)
  region size 1024K, 9 young (9216K), 9 survivors (9216K)
 Metaspace       used 95834K, capacity 99676K, committed 100044K, reserved 1134592K
  class space    used 12590K, capacity 14173K, committed 14284K, reserved 1048576K
}
Event: 1767.613 GC heap before
{Heap before GC invocations=77 (full 0):
 garbage-first heap   total 473088K, used 414855K [0x00000000c0000000, 0x0000000100000000)
  region size 1024K, 185 young (189440K), 9 survivors (9216K)
 Metaspace       used 95892K, capacity 99754K, committed 100044K, reserved 1134592K
  class space    used 12592K, capacity 14174K, committed 14284K, reserved 1048576K
}
Event: 1767.665 GC heap after
{Heap after GC invocations=78 (full 0):
 garbage-first heap   total 473088K, used 234997K [0x00000000c0000000, 0x0000000100000000)
  region size 1024K, 10 young (10240K), 10 survivors (10240K)
 Metaspace       used 95892K, capacity 99754K, committed 100044K, reserved 1134592K
  class space    used 12592K, capacity 14174K, committed 14284K, reserved 1048576K
}
Event: 1794.370 GC heap before
{Heap before GC invocations=79 (full 0):
 garbage-first heap   total 517120K, used 409077K [0x00000000c0000000, 0x0000000100000000)
  region size 1024K, 180 young (184320K), 10 survivors (10240K)
 Metaspace       used 95919K, capacity 99764K, committed 100044K, reserved 1134592K
  class space    used 12593K, capacity 14177K, committed 14284K, reserved 1048576K
}

