# JRE version: OpenJDK Runtime Environment (14.0.1+7) (build 14.0.1+7)
# Java VM: OpenJDK 64-Bit Server VM (14.0.1+7, mixed mode, tiered, compressed oops, g1 gc, linux-amd64)
Heap:
 garbage-first heap   total 258048K, used 193921K [0x00000000c0000000, 0x0000000100000000)
  region size 1024K, 75 young (76800K), 10 survivors (10240K)
 Metaspace       used 77575K, capacity 81038K, committed 81320K, reserved 1118208K
  class space    used 10703K, capacity 12120K, committed 12236K, reserved 1048576K
GC Heap History (20 events):
Event: 34.422 GC heap before
{Heap before GC invocations=19 (full 0):
 garbage-first heap   total 106496K, used 81694K [0x00000000c0000000, 0x0000000100000000)
  region size 1024K, 26 young (26624K), 5 survivors (5120K)
 Metaspace       used 73354K, capacity 76558K, committed 76968K, reserved 1114112K
  class space    used 10305K, capacity 11599K, committed 11724K, reserved 1048576K
}
Event: 34.466 GC heap after
{Heap after GC invocations=20 (full 0):
 garbage-first heap   total 106496K, used 66735K [0x00000000c0000000, 0x0000000100000000)
  region size 1024K, 4 young (4096K), 4 survivors (4096K)
 Metaspace       used 73354K, capacity 76558K, committed 76968K, reserved 1114112K
  class space    used 10305K, capacity 11599K, committed 11724K, reserved 1048576K
}
Event: 34.898 GC heap before
{Heap before GC invocations=20 (full 0):
 garbage-first heap   total 133120K, used 83119K [0x00000000c0000000, 0x0000000100000000)
  region size 1024K, 20 young (20480K), 4 survivors (4096K)
 Metaspace       used 73415K, capacity 76572K, committed 76968K, reserved 1114112K
  class space    used 10313K, capacity 11604K, committed 11724K, reserved 1048576K
}
Event: 34.942 GC heap after
{Heap after GC invocations=21 (full 0):
 garbage-first heap   total 133120K, used 69942K [0x00000000c0000000, 0x0000000100000000)
  region size 1024K, 3 young (3072K), 3 survivors (3072K)
 Metaspace       used 73415K, capacity 76572K, committed 76968K, reserved 1114112K
  class space    used 10313K, capacity 11604K, committed 11724K, reserved 1048576K
}
Event: 35.561 GC heap before
{Heap before GC invocations=22 (full 0):
 garbage-first heap   total 133120K, used 100662K [0x00000000c0000000, 0x0000000100000000)
  region size 1024K, 33 young (33792K), 3 survivors (3072K)
 Metaspace       used 73497K, capacity 76741K, committed 76968K, reserved 1114112K
  class space    used 10322K, capacity 11639K, committed 11724K, reserved 1048576K
}
Event: 35.592 GC heap after
{Heap after GC invocations=23 (full 0):
 garbage-first heap   total 133120K, used 73365K [0x00000000c0000000, 0x0000000100000000)
  region size 1024K, 5 young (5120K), 5 survivors (5120K)
 Metaspace       used 73497K, capacity 76741K, committed 76968K, reserved 1114112K
  class space    used 10322K, capacity 11639K, committed 11724K, reserved 1048576K
}
Event: 36.588 GC heap before
{Heap before GC invocations=23 (full 0):
 garbage-first heap   total 133120K, used 103061K [0x00000000c0000000, 0x0000000100000000)
  region size 1024K, 34 young (34816K), 5 survivors (5120K)
 Metaspace       used 73731K, capacity 76998K, committed 77224K, reserved 1116160K
  class space    used 10344K, capacity 11653K, committed 11724K, reserved 1048576K
}
Event: 36.644 GC heap after
{Heap after GC invocations=24 (full 0):
 garbage-first heap   total 133120K, used 76783K [0x00000000c0000000, 0x0000000100000000)
  region size 1024K, 4 young (4096K), 4 survivors (4096K)
 Metaspace       used 73731K, capacity 76998K, committed 77224K, reserved 1116160K
  class space    used 10344K, capacity 11653K, committed 11724K, reserved 1048576K
}
Event: 36.827 GC heap before
{Heap before GC invocations=24 (full 0):
 garbage-first heap   total 133120K, used 104431K [0x00000000c0000000, 0x0000000100000000)
  region size 1024K, 31 young (31744K), 4 survivors (4096K)
 Metaspace       used 73735K, capacity 76998K, committed 77224K, reserved 1116160K
  class space    used 10344K, capacity 11653K, committed 11724K, reserved 1048576K
}
Event: 36.853 GC heap after
{Heap after GC invocations=25 (full 0):
 garbage-first heap   total 133120K, used 77443K [0x00000000c0000000, 0x0000000100000000)
  region size 1024K, 1 young (1024K), 1 survivors (1024K)
 Metaspace       used 73735K, capacity 76998K, committed 77224K, reserved 1116160K
  class space    used 10344K, capacity 11653K, committed 11724K, reserved 1048576K
}
Event: 37.530 GC heap before
{Heap before GC invocations=26 (full 0):
 garbage-first heap   total 142336K, used 94851K [0x00000000c0000000, 0x0000000100000000)
  region size 1024K, 11 young (11264K), 1 survivors (1024K)
 Metaspace       used 74572K, capacity 77798K, committed 78120K, reserved 1116160K
  class space    used 10429K, capacity 11754K, committed 11852K, reserved 1048576K
}
Event: 37.549 GC heap after
{Heap after GC invocations=27 (full 0):
 garbage-first heap   total 142336K, used 90449K [0x00000000c0000000, 0x0000000100000000)
  region size 1024K, 4 young (4096K), 4 survivors (4096K)
 Metaspace       used 74572K, capacity 77798K, committed 78120K, reserved 1116160K
  class space    used 10429K, capacity 11754K, committed 11852K, reserved 1048576K
}
Event: 38.576 GC heap before
{Heap before GC invocations=28 (full 0):
 garbage-first heap   total 183296K, used 128337K [0x00000000c0000000, 0x0000000100000000)
  region size 1024K, 25 young (25600K), 4 survivors (4096K)
 Metaspace       used 74999K, capacity 78342K, committed 78632K, reserved 1116160K
  class space    used 10475K, capacity 11823K, committed 11852K, reserved 1048576K
}
Event: 38.595 GC heap after
{Heap after GC invocations=29 (full 0):
 garbage-first heap   total 183296K, used 107838K [0x00000000c0000000, 0x0000000100000000)
  region size 1024K, 2 young (2048K), 2 survivors (2048K)
 Metaspace       used 74999K, capacity 78342K, committed 78632K, reserved 1116160K
  class space    used 10475K, capacity 11823K, committed 11852K, reserved 1048576K
}
Event: 39.575 GC heap before
{Heap before GC invocations=29 (full 0):
 garbage-first heap   total 183296K, used 148798K [0x00000000c0000000, 0x0000000100000000)
  region size 1024K, 42 young (43008K), 2 survivors (2048K)
 Metaspace       used 75296K, capacity 78673K, committed 78888K, reserved 1116160K
  class space    used 10506K, capacity 11848K, committed 11852K, reserved 1048576K
}
Event: 39.609 GC heap after
{Heap after GC invocations=30 (full 0):
 garbage-first heap   total 183296K, used 113564K [0x00000000c0000000, 0x0000000100000000)
  region size 1024K, 6 young (6144K), 6 survivors (6144K)
 Metaspace       used 75296K, capacity 78673K, committed 78888K, reserved 1116160K
  class space    used 10506K, capacity 11848K, committed 11852K, reserved 1048576K
}
Event: 41.314 GC heap before
{Heap before GC invocations=31 (full 0):
 garbage-first heap   total 224256K, used 152476K [0x00000000c0000000, 0x0000000100000000)
  region size 1024K, 38 young (38912K), 6 survivors (6144K)
 Metaspace       used 75896K, capacity 79298K, committed 79528K, reserved 1118208K
  class space    used 10575K, capacity 11955K, committed 11980K, reserved 1048576K
}
Event: 41.402 GC heap after
{Heap after GC invocations=32 (full 0):
 garbage-first heap   total 258048K, used 123876K [0x00000000c0000000, 0x0000000100000000)
  region size 1024K, 4 young (4096K), 4 survivors (4096K)
 Metaspace       used 75896K, capacity 79298K, committed 79528K, reserved 1118208K
  class space    used 10575K, capacity 11955K, committed 11980K, reserved 1048576K
}
Event: 44.785 GC heap before
{Heap before GC invocations=32 (full 0):
 garbage-first heap   total 258048K, used 200676K [0x00000000c0000000, 0x0000000100000000)
  region size 1024K, 80 young (81920K), 4 survivors (4096K)
 Metaspace       used 76613K, capacity 79999K, committed 80168K, reserved 1118208K
  class space    used 10606K, capacity 12011K, committed 12108K, reserved 1048576K
}
Event: 44.829 GC heap after
{Heap after GC invocations=33 (full 0):
 garbage-first heap   total 258048K, used 129409K [0x00000000c0000000, 0x0000000100000000)
  region size 1024K, 10 young (10240K), 10 survivors (10240K)
 Metaspace       used 76613K, capacity 79999K, committed 80168K, reserved 1118208K
  class space    used 10606K, capacity 12011K, committed 12108K, reserved 1048576K
}

